total 9576
-rwxr-xr-x   1 root  wheel  1377584 Nov 18  2023 zsh
-rwxr-xr-x   1 root  wheel   133824 Nov 18  2023 wait4path
-rwxr-xr-x   2 root  wheel   135440 Nov 18  2023 unlink
-rwxr-xr-x   1 root  wheel   134240 Nov 18  2023 test
-rwxr-xr-x   2 root  wheel  1153280 Nov 18  2023 tcsh
-rwxr-xr-x   1 root  wheel   133552 Nov 18  2023 sync
-rwxr-xr-x   1 root  wheel   168272 Nov 18  2023 stty
-rwxr-xr-x   1 root  wheel   133904 Nov 18  2023 sleep
-rwxr-xr-x   1 root  wheel   134000 Nov 18  2023 sh
-rwxr-xr-x   1 root  wheel   133808 Nov 18  2023 rmdir
-rwxr-xr-x   2 root  wheel   135440 Nov 18  2023 rm
-rwxr-xr-x   1 root  wheel   133840 Nov 18  2023 realpath
-rwxr-xr-x   1 root  wheel   134064 Nov 18  2023 pwd
-rwsr-xr-x   1 root  wheel   203584 Nov 18  2023 ps
-rwxr-xr-x   1 root  wheel   320624 Nov 18  2023 pax
-rwxr-xr-x   1 root  wheel   135552 Nov 18  2023 mv
-rwxr-xr-x   1 root  wheel   134128 Nov 18  2023 mkdir
-rwxr-xr-x   1 root  wheel   187120 Nov 18  2023 ls
-rwxr-xr-x   2 root  wheel   134736 Nov 18  2023 ln
-rwxr-xr-x   2 root  wheel   134736 Nov 18  2023 link
-rwxr-xr-x   1 root  wheel   394480 Nov 18  2023 launchctl
-r-xr-xr-x   1 root  wheel  2582512 Nov 18  2023 ksh
-rwxr-xr-x   1 root  wheel   134352 Nov 18  2023 kill
-rwxr-xr-x   1 root  wheel   133952 Nov 18  2023 hostname
-rwxr-xr-x   1 root  wheel   134800 Nov 18  2023 expr
-rwxr-xr-x   1 root  wheel   235296 Nov 18  2023 ed
-rwxr-xr-x   1 root  wheel   133952 Nov 18  2023 echo
-rwxr-xr-x   1 root  wheel   135376 Nov 18  2023 df
-rwxr-xr-x   1 root  wheel   185184 Nov 18  2023 dd
-rwxr-xr-x   1 root  wheel   168032 Nov 18  2023 date
-rwxr-xr-x   1 root  wheel   307248 Nov 18  2023 dash
-rwxr-xr-x   2 root  wheel  1153280 Nov 18  2023 csh
-rwxr-xr-x   1 root  wheel   153088 Nov 18  2023 cp
-rwxr-xr-x   1 root  wheel   136960 Nov 18  2023 chmod
-rwxr-xr-x   1 root  wheel   135392 Nov 18  2023 cat
-r-xr-xr-x   1 root  wheel  1310224 Nov 18  2023 bash
-rwxr-xr-x   1 root  wheel   134224 Nov 18  2023 [
drwxr-xr-x  20 root  wheel      640 Nov 18  2023 ..
drwxr-xr-x@ 39 root  wheel     1248 Nov 18  2023 .
